2022-07-11 13:57:03,458:Scripts.App_log:successfully load the dataset
2022-07-11 14:31:11,381:Scripts.App_log:successfully load the dataset
2022-07-11 14:32:25,011:Scripts.App_log:successfully load the dataset
2022-07-11 14:34:35,571:Scripts.App_log:successfully load the dataset
2022-07-11 14:45:44,948:Scripts.App_log:successfully load the dataset
2022-07-11 14:51:17,592:Scripts.App_log:successfully load the dataset
2022-07-11 14:51:40,607:Scripts.App_log:successfully load the dataset
2022-07-11 14:52:59,203:Scripts.App_log:successfully load the dataset
2022-07-11 14:53:44,347:Scripts.App_log:successfully load the dataset
2022-07-11 15:00:31,716:Scripts.App_log:successfully load the dataset
2022-07-11 15:08:32,174:Scripts.App_log:successfully load the dataset
2022-07-11 15:08:32,286:Scripts.App_log:drop columns
2022-07-11 15:08:32,352:Scripts.App_log:successfully retrieve the percentage of missing values
2022-07-11 15:08:32,473:Scripts.App_log:successfully retrieve unique values
2022-07-11 15:08:32,650:Scripts.App_log:successfully detect outliers
2022-07-11 15:08:32,690:Scripts.App_log:successfully retrieve duplicates
2022-07-11 16:09:00,404:Scripts.App_log:successfully plot bar plot
2022-07-11 16:09:22,619:Scripts.App_log:successfully plot bar plot
2022-07-11 16:11:37,834:Scripts.App_log:successfully plot heatmap
2022-07-11 16:18:09,976:Scripts.App_log:successfully load the dataset
2022-07-11 16:18:10,086:Scripts.App_log:drop columns
2022-07-11 16:18:10,219:Scripts.App_log:successfully retrieve the percentage of missing values
2022-07-11 16:18:10,428:Scripts.App_log:successfully retrieve unique values
2022-07-11 16:18:10,598:Scripts.App_log:successfully detect outliers
2022-07-11 16:18:10,627:Scripts.App_log:successfully retrieve duplicates
2022-07-11 16:18:22,503:Scripts.App_log:successfully plot bar plot
2022-07-11 16:18:33,770:Scripts.App_log:successfully plot heatmap
2022-07-11 16:22:56,503:Scripts.App_log:successfully load the dataset
2022-07-11 16:22:56,584:Scripts.App_log:drop columns
2022-07-11 16:22:56,698:Scripts.App_log:successfully retrieve the percentage of missing values
2022-07-11 16:22:56,836:Scripts.App_log:successfully retrieve unique values
2022-07-11 16:22:56,972:Scripts.App_log:successfully detect outliers
2022-07-11 16:22:56,996:Scripts.App_log:successfully retrieve duplicates
2022-07-11 16:23:08,772:Scripts.App_log:successfully plot bar plot
2022-07-11 16:23:18,932:Scripts.App_log:successfully plot heatmap
2022-07-11 16:25:55,501:Scripts.App_log:successfully load the dataset
2022-07-11 16:25:55,609:Scripts.App_log:drop columns
2022-07-11 16:25:55,757:Scripts.App_log:successfully retrieve the percentage of missing values
2022-07-11 16:25:56,004:Scripts.App_log:successfully retrieve unique values
2022-07-11 16:25:56,143:Scripts.App_log:successfully detect outliers
2022-07-11 16:25:56,173:Scripts.App_log:successfully retrieve duplicates
2022-07-11 16:26:07,914:Scripts.App_log:successfully plot bar plot
2022-07-11 16:26:17,384:Scripts.App_log:successfully plot heatmap
2022-07-11 16:33:18,736:Scripts.App_log:successfully plot boxplot
2022-07-11 16:33:46,872:Scripts.App_log:successfully plot boxplot
2022-07-11 16:34:55,036:Scripts.App_log:successfully plot boxplot
